<?xml version="1.0" encoding="UTF-8"?>
<testng-results ignored="0" total="1" passed="1" failed="0" skipped="0">
  <reporter-output>
  </reporter-output>
  <suite started-at="2022-12-17T19:15:08 IST" name="Default suite" finished-at="2022-12-17T19:15:11 IST" duration-ms="2900">
    <groups>
    </groups>
    <test started-at="2022-12-17T19:15:08 IST" name="Default test" finished-at="2022-12-17T19:15:11 IST" duration-ms="2900">
      <class name="Delete">
        <test-method signature="test_4_delete()[pri:0, instance:Delete@7690781]" started-at="2022-12-17T19:15:08 IST" name="test_4_delete" finished-at="2022-12-17T19:15:11 IST" duration-ms="2840" status="PASS">
          <reporter-output>
          </reporter-output>
        </test-method> <!-- test_4_delete -->
      </class> <!-- Delete -->
    </test> <!-- Default test -->
  </suite> <!-- Default suite -->
</testng-results>
